./.autorunprod.sh: line 165: 17888 Aborted                 (core dumped) LD_PRELOAD=/home/crimson/c2/diehard-1.1/src/libdiehard.so bin/${PROG} ${FLAGS} ${PORT} >> ${LOGFILE} 2>&1
./.autorunprod.sh: line 165: 32636 Segmentation fault      (core dumped) LD_PRELOAD=/home/crimson/c2/diehard-1.1/src/libdiehard.so bin/${PROG} ${FLAGS} ${PORT} >> ${LOGFILE} 2>&1
There is already an instance of this script running.

Unpause it by removing ~/prod/pause (if necessary) and wait for
it to simply wake up.
./.autoruntest.sh: line 166:  4953 Segmentation fault      (core dumped) LD_PRELOAD=/home/crimson/c2/diehard-1.1/src/libdiehard.so bin/${PROG} ${FLAGS} ${PORT} >> ${LOGFILE} 2>&1
There is already an instance of this script running.

Unpause it by removing ~/prod/pause (if necessary) and wait for
it to simply wake up.
There is already an instance of this script running.

Unpause it by removing ~/prod/pause (if necessary) and wait for
it to simply wake up.
./.autorundev.sh: line 166:   596 Trace/breakpoint trap   (core dumped) LD_PRELOAD=/home/crimson/c2/diehard-1.1/src/libdiehard.so bin/${PROG} ${FLAGS} ${PORT} >> ${LOGFILE} 2>&1
./.autorunprod.sh: line 165:  2021 Segmentation fault      (core dumped) LD_PRELOAD=/home/crimson/c2/diehard-1.1/src/libdiehard.so bin/${PROG} ${FLAGS} ${PORT} >> ${LOGFILE} 2>&1
There is already an instance of this script running.

Unpause it by removing ~/prod/pause (if necessary) and wait for
it to simply wake up.
There is already an instance of this script running.

Unpause it by removing ~/prod/pause (if necessary) and wait for
it to simply wake up.
There is already an instance of this script running.

Unpause it by removing ~/prod/pause (if necessary) and wait for
it to simply wake up.
./.autorundev.sh: line 166: 20559 Trace/breakpoint trap   (core dumped) LD_PRELOAD=/home/crimson/c2/diehard-1.1/src/libdiehard.so bin/${PROG} ${FLAGS} ${PORT} >> ${LOGFILE} 2>&1
There is already an instance of this script running.

Unpause it by removing ~/prod/pause (if necessary) and wait for
it to simply wake up.
./.autorunprod.sh: line 165: 23848 Killed                  LD_PRELOAD=/home/crimson/c2/diehard-1.1/src/libdiehard.so bin/${PROG} ${FLAGS} ${PORT} >> ${LOGFILE} 2>&1
There is already an instance of this script running.

Unpause it by removing ~/prod/pause (if necessary) and wait for
it to simply wake up.
There is already an instance of this script running.

Unpause it by removing ~/prod/pause (if necessary) and wait for
it to simply wake up.
There is already an instance of this script running.

Unpause it by removing ~/prod/pause (if necessary) and wait for
it to simply wake up.
There is already an instance of this script running.

Unpause it by removing ~/prod/pause (if necessary) and wait for
it to simply wake up.
There is already an instance of this script running.

Unpause it by removing ~/prod/pause (if necessary) and wait for
it to simply wake up.
There is already an instance of this script running.

Unpause it by removing ~/prod/pause (if necessary) and wait for
it to simply wake up.
There is already an instance of this script running.

Unpause it by removing ~/prod/pause (if necessary) and wait for
it to simply wake up.
There is already an instance of this script running.

Unpause it by removing ~/prod/pause (if necessary) and wait for
it to simply wake up.
There is already an instance of this script running.

Unpause it by removing ~/prod/pause (if necessary) and wait for
it to simply wake up.
Terminated
./.autoruntest.sh: line 166:  2819 Segmentation fault      (core dumped) LD_PRELOAD=/home/crimson/c2/diehard-1.1/src/libdiehard.so bin/${PROG} ${FLAGS} ${PORT} >> ${LOGFILE} 2>&1
./.autoruntest.sh: line 166:  2869 Segmentation fault      (core dumped) LD_PRELOAD=/home/crimson/c2/diehard-1.1/src/libdiehard.so bin/${PROG} ${FLAGS} ${PORT} >> ${LOGFILE} 2>&1
./.autoruntest.sh: line 166:  3090 Segmentation fault      (core dumped) LD_PRELOAD=/home/crimson/c2/diehard-1.1/src/libdiehard.so bin/${PROG} ${FLAGS} ${PORT} >> ${LOGFILE} 2>&1
./.autoruntest.sh: line 166:  4406 Segmentation fault      (core dumped) LD_PRELOAD=/home/crimson/c2/diehard-1.1/src/libdiehard.so bin/${PROG} ${FLAGS} ${PORT} >> ${LOGFILE} 2>&1
./.autorundev.sh: line 166:  1565 Trace/breakpoint trap   (core dumped) LD_PRELOAD=/home/crimson/c2/diehard-1.1/src/libdiehard.so bin/${PROG} ${FLAGS} ${PORT} >> ${LOGFILE} 2>&1
./.autorundev.sh: line 166:  1600 Trace/breakpoint trap   (core dumped) LD_PRELOAD=/home/crimson/c2/diehard-1.1/src/libdiehard.so bin/${PROG} ${FLAGS} ${PORT} >> ${LOGFILE} 2>&1
./.autorunprod.sh: line 165:  1594 Trace/breakpoint trap   (core dumped) LD_PRELOAD=/home/crimson/c2/diehard-1.1/src/libdiehard.so bin/${PROG} ${FLAGS} ${PORT} >> ${LOGFILE} 2>&1
./.autorundev.sh: line 166:  1604 Trace/breakpoint trap   (core dumped) LD_PRELOAD=/home/crimson/c2/diehard-1.1/src/libdiehard.so bin/${PROG} ${FLAGS} ${PORT} >> ${LOGFILE} 2>&1
./.autorundev.sh: line 166:  1571 Trace/breakpoint trap   (core dumped) LD_PRELOAD=/home/crimson/c2/diehard-1.1/src/libdiehard.so bin/${PROG} ${FLAGS} ${PORT} >> ${LOGFILE} 2>&1
./.autorunprod.sh: line 165:  1550 Segmentation fault      (core dumped) LD_PRELOAD=/home/crimson/c2/diehard-1.1/src/libdiehard.so bin/${PROG} ${FLAGS} ${PORT} >> ${LOGFILE} 2>&1
There is already an instance of this script running.

Unpause it by removing ~/prod/pause (if necessary) and wait for
it to simply wake up.
